<?xml version="1.0" encoding="UTF-8"?>
<!-- Generated by org.testng.reporters.JUnitXMLReporter -->
<testsuite ignored="0" hostname="SriniRepala" failures="1" tests="3" name="Test" time="37.675" errors="0" timestamp="2023-07-22T15:08:56 SAST">
  <testcase classname="com.ryze.qa.tests.LoginPageTest" name="loginpageTitleTest" time="0.046"/>
  <testcase classname="com.ryze.qa.tests.LoginPageTest" name="loginTest" time="0.228"/>
  <testcase classname="com.ryze.qa.tests.HomePageTest" name="verifyDescriptionTest" time="13.998">
    <failure type="org.openqa.selenium.ElementClickInterceptedException" message="element click intercepted: Element &amp;lt;button ng-show=&amp;quot;$ctrl.mode === &amp;apos;edit&amp;apos; &amp;amp;amp;&amp;amp;amp; !$ctrl.loadDetailedPanel&amp;quot; ng-disabled=&amp;quot;!$ctrl.hasChanges&amp;quot; class=&amp;quot;btn btn-default btn-compact btn-primary&amp;quot; id=&amp;quot;saveAsset&amp;quot; ng-click=&amp;quot;$ctrl.save()&amp;quot; disabled=&amp;quot;disabled&amp;quot;&amp;gt;...&amp;lt;/button&amp;gt; is not clickable at point (1495, 674). Other element would receive the click: &amp;lt;div class=&amp;quot;mdb-edit-content-properties-buttons&amp;quot; ng-if=&amp;quot;$ctrl.activeTab === &amp;apos;properties&amp;apos;&amp;quot;&amp;gt;...&amp;lt;/div&amp;gt;
  (Session info: chrome=114.0.5735.248)
Build info: version: &amp;apos;4.10.0&amp;apos;, revision: &amp;apos;c14d967899&amp;apos;
System info: os.name: &amp;apos;Windows 11&amp;apos;, os.arch: &amp;apos;amd64&amp;apos;, os.version: &amp;apos;10.0&amp;apos;, java.version: &amp;apos;18.0.2&amp;apos;
Driver info: org.openqa.selenium.chrome.ChromeDriver
Command: [6ca916d4f61aa3bc6e08d486403ad9b8, clickElement {id=BA732E16FFEF3EF92047DA0BEC58F3BE_element_146}]
Capabilities {acceptInsecureCerts: false, browserName: chrome, browserVersion: 114.0.5735.248, chrome: {chromedriverVersion: 114.0.5735.90 (386bc09e8f4f..., userDataDir: C:\Users\srepa\AppData\Loca...}, goog:chromeOptions: {debuggerAddress: localhost:53090}, networkConnectionEnabled: false, pageLoadStrategy: normal, platformName: windows, proxy: Proxy(), se:cdp: ws://localhost:53090/devtoo..., se:cdpVersion: 114.0.5735.248, setWindowRect: true, strictFileInteractability: false, timeouts: {implicit: 0, pageLoad: 300000, script: 30000}, unhandledPromptBehavior: dismiss and notify, webauthn:extension:credBlob: true, webauthn:extension:largeBlob: true, webauthn:extension:minPinLength: true, webauthn:extension:prf: true, webauthn:virtualAuthenticators: true}
Element: [[ChromeDriver: chrome on windows (6ca916d4f61aa3bc6e08d486403ad9b8)] -&amp;gt; xpath: //button[@id=&amp;apos;saveAsset&amp;apos;]]
Session ID: 6ca916d4f61aa3bc6e08d486403ad9b8">
      <![CDATA[org.openqa.selenium.ElementClickInterceptedException: element click intercepted: Element <button ng-show="$ctrl.mode === 'edit' &amp;&amp; !$ctrl.loadDetailedPanel" ng-disabled="!$ctrl.hasChanges" class="btn btn-default btn-compact btn-primary" id="saveAsset" ng-click="$ctrl.save()" disabled="disabled">...</button> is not clickable at point (1495, 674). Other element would receive the click: <div class="mdb-edit-content-properties-buttons" ng-if="$ctrl.activeTab === 'properties'">...</div>
  (Session info: chrome=114.0.5735.248)
Build info: version: '4.10.0', revision: 'c14d967899'
System info: os.name: 'Windows 11', os.arch: 'amd64', os.version: '10.0', java.version: '18.0.2'
Driver info: org.openqa.selenium.chrome.ChromeDriver
Command: [6ca916d4f61aa3bc6e08d486403ad9b8, clickElement {id=BA732E16FFEF3EF92047DA0BEC58F3BE_element_146}]
Capabilities {acceptInsecureCerts: false, browserName: chrome, browserVersion: 114.0.5735.248, chrome: {chromedriverVersion: 114.0.5735.90 (386bc09e8f4f..., userDataDir: C:\Users\srepa\AppData\Loca...}, goog:chromeOptions: {debuggerAddress: localhost:53090}, networkConnectionEnabled: false, pageLoadStrategy: normal, platformName: windows, proxy: Proxy(), se:cdp: ws://localhost:53090/devtoo..., se:cdpVersion: 114.0.5735.248, setWindowRect: true, strictFileInteractability: false, timeouts: {implicit: 0, pageLoad: 300000, script: 30000}, unhandledPromptBehavior: dismiss and notify, webauthn:extension:credBlob: true, webauthn:extension:largeBlob: true, webauthn:extension:minPinLength: true, webauthn:extension:prf: true, webauthn:virtualAuthenticators: true}
Element: [[ChromeDriver: chrome on windows (6ca916d4f61aa3bc6e08d486403ad9b8)] -> xpath: //button[@id='saveAsset']]
Session ID: 6ca916d4f61aa3bc6e08d486403ad9b8
at org.openqa.selenium.remote.codec.w3c.W3CHttpResponseCodec.createException(W3CHttpResponseCodec.java:199)
at org.openqa.selenium.remote.codec.w3c.W3CHttpResponseCodec.decode(W3CHttpResponseCodec.java:132)
at org.openqa.selenium.remote.codec.w3c.W3CHttpResponseCodec.decode(W3CHttpResponseCodec.java:51)
at org.openqa.selenium.remote.HttpCommandExecutor.execute(HttpCommandExecutor.java:191)
at org.openqa.selenium.remote.service.DriverCommandExecutor.invokeExecute(DriverCommandExecutor.java:196)
at org.openqa.selenium.remote.service.DriverCommandExecutor.execute(DriverCommandExecutor.java:171)
at org.openqa.selenium.remote.RemoteWebDriver.execute(RemoteWebDriver.java:531)
at org.openqa.selenium.remote.RemoteWebElement.execute(RemoteWebElement.java:242)
at org.openqa.selenium.remote.RemoteWebElement.click(RemoteWebElement.java:77)
at org.openqa.selenium.support.pagefactory.internal.LocatingElementHandler.invoke(LocatingElementHandler.java:51)
at jdk.proxy2/jdk.proxy2.$Proxy16.click(Unknown Source)
at com.ryze.qa.pages.HomePage.addDescription(HomePage.java:92)
at com.ryze.qa.tests.HomePageTest.verifyDescriptionTest(HomePageTest.java:35)
at java.base/java.util.ArrayList.forEach(ArrayList.java:1511)
... Removed 30 stack frames]]>
    </failure>
  </testcase> <!-- verifyDescriptionTest -->
</testsuite> <!-- Test -->
